<?xml version="1.0" encoding="UTF-8"?>
<testsuite name="com.apksandbox.ui.screens.sandbox.SandboxEnforcementStatusMappingTest" tests="4" skipped="0" failures="0" errors="0" timestamp="2026-09-11T15:29:16.675Z" hostname="NextGenis-MacBook-Pro-3.local" time="0.0">
  <properties/>
  <testcase name="missingResultNeverMapsToReady" classname="com.apksandbox.ui.screens.sandbox.SandboxEnforcementStatusMappingTest" time="0.0"/>
  <testcase name="enforcedMapsToReady" classname="com.apksandbox.ui.screens.sandbox.SandboxEnforcementStatusMappingTest" time="0.0"/>
  <testcase name="failedNeverMapsToReady" classname="com.apksandbox.ui.screens.sandbox.SandboxEnforcementStatusMappingTest" time="0.0"/>
  <testcase name="notSupportedNeverMapsToReady" classname="com.apksandbox.ui.screens.sandbox.SandboxEnforcementStatusMappingTest" time="0.0"/>
  <system-out><![CDATA[]]></system-out>
  <system-err><![CDATA[]]></system-err>
</testsuite>
