<?xml version="1.0" encoding="UTF-8"?>
<testsuite name="com.apksandbox.sandbox.RuntimeObservationArtifactTest" tests="11" skipped="0" failures="0" errors="0" timestamp="2026-09-11T15:29:16.662Z" hostname="NextGenis-MacBook-Pro-3.local" time="0.003">
  <properties/>
  <testcase name="inconsistentTruncationMetadataIsRejected" classname="com.apksandbox.sandbox.RuntimeObservationArtifactTest" time="0.001"/>
  <testcase name="wrongPackageNameIsRejected" classname="com.apksandbox.sandbox.RuntimeObservationArtifactTest" time="0.0"/>
  <testcase name="truncatedArtifactWithConsistentCountsIsValid" classname="com.apksandbox.sandbox.RuntimeObservationArtifactTest" time="0.0"/>
  <testcase name="wrongSessionIdIsRejected" classname="com.apksandbox.sandbox.RuntimeObservationArtifactTest" time="0.0"/>
  <testcase name="exportedCountMustMatchActualObservationListSize" classname="com.apksandbox.sandbox.RuntimeObservationArtifactTest" time="0.0"/>
  <testcase name="unsupportedSchemaVersionIsRejected" classname="com.apksandbox.sandbox.RuntimeObservationArtifactTest" time="0.0"/>
  <testcase name="emptyExpectedPackageNameIsNotAHardMismatch" classname="com.apksandbox.sandbox.RuntimeObservationArtifactTest" time="0.0"/>
  <testcase name="validAritfactPassesValidation" classname="com.apksandbox.sandbox.RuntimeObservationArtifactTest" time="0.0"/>
  <testcase name="roundTripsThroughJsonExactly" classname="com.apksandbox.sandbox.RuntimeObservationArtifactTest" time="0.0"/>
  <testcase name="negativeSummaryFieldIsRejected" classname="com.apksandbox.sandbox.RuntimeObservationArtifactTest" time="0.001"/>
  <testcase name="endBeforeStartIsRejected" classname="com.apksandbox.sandbox.RuntimeObservationArtifactTest" time="0.0"/>
  <system-out><![CDATA[]]></system-out>
  <system-err><![CDATA[]]></system-err>
</testsuite>
