<?xml version="1.0" encoding="UTF-8"?>
<testsuite name="com.apksandbox.domain.sandbox.SandboxSessionReportMergerTest" tests="8" skipped="0" failures="0" errors="0" timestamp="2026-09-11T15:29:16.647Z" hostname="NextGenis-MacBook-Pro-3.local" time="0.005">
  <properties/>
  <testcase name="mergeCleanupSummaryHonestlyReflectsFailedPersonalCleanup" classname="com.apksandbox.domain.sandbox.SandboxSessionReportMergerTest" time="0.001"/>
  <testcase name="mergeFactsLeavesUnsetFieldsAlone" classname="com.apksandbox.domain.sandbox.SandboxSessionReportMergerTest" time="0.0"/>
  <testcase name="mergeCleanupSummaryFillsInPersonalOnlyFacts" classname="com.apksandbox.domain.sandbox.SandboxSessionReportMergerTest" time="0.0"/>
  <testcase name="mergeFactsAppliesEveryNonNullField" classname="com.apksandbox.domain.sandbox.SandboxSessionReportMergerTest" time="0.0"/>
  <testcase name="mergeFactsReplacesEnforcementsOnlyWhenPatchCarriesSome" classname="com.apksandbox.domain.sandbox.SandboxSessionReportMergerTest" time="0.0"/>
  <testcase name="safeTransitionReturnsNullOnIllegalMove_andNeverThrows" classname="com.apksandbox.domain.sandbox.SandboxSessionReportMergerTest" time="0.003"/>
  <testcase name="safeTransitionReturnsSameSessionWhenAlreadyAtTarget" classname="com.apksandbox.domain.sandbox.SandboxSessionReportMergerTest" time="0.0"/>
  <testcase name="safeTransitionAppliesALegalMove" classname="com.apksandbox.domain.sandbox.SandboxSessionReportMergerTest" time="0.0"/>
  <system-out><![CDATA[]]></system-out>
  <system-err><![CDATA[]]></system-err>
</testsuite>
