<?xml version="1.0" encoding="UTF-8"?>
<testsuite name="com.apksandbox.core.network.traffic.TrafficFilterTest" tests="4" skipped="0" failures="0" errors="0" timestamp="2026-09-11T15:14:32.658Z" hostname="NextGenis-MacBook-Pro-3.local" time="0.002">
  <properties/>
  <testcase name="testMultiAttributeFiltering" classname="com.apksandbox.core.network.traffic.TrafficFilterTest" time="0.0"/>
  <testcase name="testRecordAndRedaction" classname="com.apksandbox.core.network.traffic.TrafficFilterTest" time="0.0"/>
  <testcase name="testUpdateWebSocketSessionMessages" classname="com.apksandbox.core.network.traffic.TrafficFilterTest" time="0.0"/>
  <testcase name="testTruncationCapAt64KiB" classname="com.apksandbox.core.network.traffic.TrafficFilterTest" time="0.001"/>
  <system-out><![CDATA[]]></system-out>
  <system-err><![CDATA[]]></system-err>
</testsuite>
