<?xml version="1.0" encoding="UTF-8"?>
<testsuite name="com.apksandbox.core.network.traffic.SseEventParserTest" tests="6" skipped="0" failures="0" errors="0" timestamp="2026-09-11T15:14:32.656Z" hostname="NextGenis-MacBook-Pro-3.local" time="0.001">
  <properties/>
  <testcase name="testChunkedArrivalAcrossBuffers" classname="com.apksandbox.core.network.traffic.SseEventParserTest" time="0.0"/>
  <testcase name="testSingleLineDataEvent" classname="com.apksandbox.core.network.traffic.SseEventParserTest" time="0.001"/>
  <testcase name="testLineLengthBoundSafety" classname="com.apksandbox.core.network.traffic.SseEventParserTest" time="0.0"/>
  <testcase name="testCustomEventTypeAndId" classname="com.apksandbox.core.network.traffic.SseEventParserTest" time="0.0"/>
  <testcase name="testMultiLineDataEvent" classname="com.apksandbox.core.network.traffic.SseEventParserTest" time="0.0"/>
  <testcase name="testCommentsAndHeartbeats" classname="com.apksandbox.core.network.traffic.SseEventParserTest" time="0.0"/>
  <system-out><![CDATA[]]></system-out>
  <system-err><![CDATA[]]></system-err>
</testsuite>
