<?xml version="1.0" encoding="UTF-8"?>
<testsuite name="com.apksandbox.core.network.https.HttpsTlsValidationTest" tests="2" skipped="0" failures="0" errors="0" timestamp="2026-09-11T15:14:32.463Z" hostname="NextGenis-MacBook-Pro-3.local" time="0.184">
  <properties/>
  <testcase name="testUpstreamHostnameMismatchRejection" classname="com.apksandbox.core.network.https.HttpsTlsValidationTest" time="0.08"/>
  <testcase name="testInvalidUpstreamCertificateRejection" classname="com.apksandbox.core.network.https.HttpsTlsValidationTest" time="0.104"/>
  <system-out><![CDATA[]]></system-out>
  <system-err><![CDATA[]]></system-err>
</testsuite>
