<?xml version="1.0" encoding="UTF-8"?>
<testsuite name="com.apksandbox.core.network.https.HttpsInspectionStoreTest" tests="5" skipped="0" failures="0" errors="0" timestamp="2026-09-11T15:14:32.450Z" hostname="NextGenis-MacBook-Pro-3.local" time="0.011">
  <properties/>
  <testcase name="testBodyTruncationAt64KiB" classname="com.apksandbox.core.network.https.HttpsInspectionStoreTest" time="0.006"/>
  <testcase name="testUrlSecretRedaction" classname="com.apksandbox.core.network.https.HttpsInspectionStoreTest" time="0.0"/>
  <testcase name="testTransactionLimitAndOrdering" classname="com.apksandbox.core.network.https.HttpsInspectionStoreTest" time="0.005"/>
  <testcase name="testJsonSecretRedaction" classname="com.apksandbox.core.network.https.HttpsInspectionStoreTest" time="0.0"/>
  <testcase name="testHeaderRedaction" classname="com.apksandbox.core.network.https.HttpsInspectionStoreTest" time="0.0"/>
  <system-out><![CDATA[]]></system-out>
  <system-err><![CDATA[]]></system-err>
</testsuite>
