<?xml version="1.0" encoding="UTF-8"?>
<testsuite name="com.apksandbox.core.staticanalysis.DexAnalysisTest" tests="7" skipped="0" failures="0" errors="0" timestamp="2026-09-11T15:29:18.093Z" hostname="NextGenis-MacBook-Pro-3.local" time="0.212">
  <properties/>
  <testcase name="dexApiScannerCategorizesSecurityApisAndDistinguishesInvocations" classname="com.apksandbox.core.staticanalysis.DexAnalysisTest" time="0.092"/>
  <testcase name="sdkSignatureCatalogDetectsLibrariesAndAssignsConfidence" classname="com.apksandbox.core.staticanalysis.DexAnalysisTest" time="0.022"/>
  <testcase name="dexUrlExtractorExtractsUrlsAndIdentifiesProvenance" classname="com.apksandbox.core.staticanalysis.DexAnalysisTest" time="0.058"/>
  <testcase name="dexUrlExtractorHandlesCorruptedFileGracefully" classname="com.apksandbox.core.staticanalysis.DexAnalysisTest" time="0.007"/>
  <testcase name="dexUrlExtractorDeduplicatesWhilePreservingReferences" classname="com.apksandbox.core.staticanalysis.DexAnalysisTest" time="0.03"/>
  <testcase name="sdkSignatureCatalogNegativeMatch" classname="com.apksandbox.core.staticanalysis.DexAnalysisTest" time="0.001"/>
  <testcase name="dexUrlExtractorHandlesNonExistentApkGracefully" classname="com.apksandbox.core.staticanalysis.DexAnalysisTest" time="0.001"/>
  <system-out><![CDATA[]]></system-out>
  <system-err><![CDATA[]]></system-err>
</testsuite>
