<?xml version="1.0" encoding="UTF-8"?>
<testsuite name="com.apksandbox.core.risk.DefaultRiskEngineTest" tests="6" skipped="0" failures="0" errors="0" timestamp="2026-09-11T15:14:32.907Z" hostname="NextGenis-MacBook-Pro-3.local" time="0.003">
  <properties/>
  <testcase name="scoreClampsTo100" classname="com.apksandbox.core.risk.DefaultRiskEngineTest" time="0.002"/>
  <testcase name="scoreEqualsSumOfFindingContributions_whenUnclamped" classname="com.apksandbox.core.risk.DefaultRiskEngineTest" time="0.0"/>
  <testcase name="basedOnDeclaredCapabilitiesReflectsRequestedPermissions" classname="com.apksandbox.core.risk.DefaultRiskEngineTest" time="0.0"/>
  <testcase name="zeroFindings_scoresZero" classname="com.apksandbox.core.risk.DefaultRiskEngineTest" time="0.0"/>
  <testcase name="findingsCarryTheEngineVersion" classname="com.apksandbox.core.risk.DefaultRiskEngineTest" time="0.0"/>
  <testcase name="evaluationIsDeterministic" classname="com.apksandbox.core.risk.DefaultRiskEngineTest" time="0.001"/>
  <system-out><![CDATA[]]></system-out>
  <system-err><![CDATA[]]></system-err>
</testsuite>
