<?xml version="1.0" encoding="UTF-8"?>
<testsuite name="com.apksandbox.core.risk.DoubleCountingPreventionTest" tests="4" skipped="0" failures="0" errors="0" timestamp="2026-09-11T15:14:32.911Z" hostname="NextGenis-MacBook-Pro-3.local" time="0.007">
  <properties/>
  <testcase name="combinedScoreDoesNotStackRedundantPointsForCorroboratedEvents" classname="com.apksandbox.core.risk.DoubleCountingPreventionTest" time="0.006"/>
  <testcase name="distinctDestinationsUnifiesIpAcrossVpnAndDpm" classname="com.apksandbox.core.risk.DoubleCountingPreventionTest" time="0.0"/>
  <testcase name="vpnAndDpmCoObservationDoesNotDoubleCountNetworkActivity" classname="com.apksandbox.core.risk.DoubleCountingPreventionTest" time="0.0"/>
  <testcase name="dnsPlusConnectPlusVpnDoesNotTripleCount" classname="com.apksandbox.core.risk.DoubleCountingPreventionTest" time="0.0"/>
  <system-out><![CDATA[]]></system-out>
  <system-err><![CDATA[]]></system-err>
</testsuite>
