<?xml version="1.0" encoding="UTF-8"?>
<testsuite name="com.apksandbox.core.network.PacketValidationFuzzTest" tests="2" skipped="0" failures="0" errors="0" timestamp="2026-09-11T12:34:50.345Z" hostname="NextGenis-MacBook-Pro-3.local" time="0.042">
  <properties/>
  <testcase name="neverThrowsOnPureRandomBytesOfAnyLength" classname="com.apksandbox.core.network.PacketValidationFuzzTest" time="0.035"/>
  <testcase name="neverThrowsWhenOnlyTheIpHeaderIsRandomButLengthsAreConsistent" classname="com.apksandbox.core.network.PacketValidationFuzzTest" time="0.007"/>
  <system-out><![CDATA[]]></system-out>
  <system-err><![CDATA[]]></system-err>
</testsuite>
