<?xml version="1.0" encoding="UTF-8"?>
<testsuite name="com.apksandbox.core.network.DnsMessageTest" tests="8" skipped="0" failures="0" errors="0" timestamp="2026-09-11T12:34:50.322Z" hostname="NextGenis-MacBook-Pro-3.local" time="0.004">
  <properties/>
  <testcase name="selfReferencingCompressionPointerTerminatesInsteadOfLooping" classname="com.apksandbox.core.network.DnsMessageTest" time="0.0"/>
  <testcase name="parsesAnOrdinaryResponseWithCompressedName" classname="com.apksandbox.core.network.DnsMessageTest" time="0.002"/>
  <testcase name="responseWithMultipleAnswersCollectsAllAddresses" classname="com.apksandbox.core.network.DnsMessageTest" time="0.0"/>
  <testcase name="rdLengthLyingAboutAvailableBytesIsRejected" classname="com.apksandbox.core.network.DnsMessageTest" time="0.0"/>
  <testcase name="tooShortMessageReturnsNullNotAnException" classname="com.apksandbox.core.network.DnsMessageTest" time="0.0"/>
  <testcase name="parsesAnOrdinaryQuery" classname="com.apksandbox.core.network.DnsMessageTest" time="0.0"/>
  <testcase name="truncatedNameReturnsNullNotAnException" classname="com.apksandbox.core.network.DnsMessageTest" time="0.001"/>
  <testcase name="forwardPointingCompressionPointerIsRejectedNotFollowedIntoUnvalidatedRegion" classname="com.apksandbox.core.network.DnsMessageTest" time="0.0"/>
  <system-out><![CDATA[]]></system-out>
  <system-err><![CDATA[]]></system-err>
</testsuite>
