<?xml version="1.0" encoding="UTF-8"?>
<testsuite name="com.apksandbox.core.network.traffic.HttpFramingTest" tests="4" skipped="0" failures="0" errors="0" timestamp="2026-09-12T02:58:54.240Z" hostname="NextGenis-MacBook-Pro-3.local" time="0.0">
  <properties/>
  <testcase name="testChunkedTransferUnchunking" classname="com.apksandbox.core.network.traffic.HttpFramingTest" time="0.0"/>
  <testcase name="testDeflateDecompression" classname="com.apksandbox.core.network.traffic.HttpFramingTest" time="0.0"/>
  <testcase name="testGzipDecompression" classname="com.apksandbox.core.network.traffic.HttpFramingTest" time="0.0"/>
  <testcase name="testResponsesWithoutBodies" classname="com.apksandbox.core.network.traffic.HttpFramingTest" time="0.0"/>
  <system-out><![CDATA[]]></system-out>
  <system-err><![CDATA[]]></system-err>
</testsuite>
