<?xml version="1.0" encoding="UTF-8"?>
<testsuite name="com.apksandbox.core.common.BoundedCopyTest" tests="5" skipped="0" failures="0" errors="0" timestamp="2026-09-11T15:14:29.150Z" hostname="NextGenis-MacBook-Pro-3.local" time="0.007">
  <properties/>
  <testcase name="exactLimitPreservesContentAcrossBuffers" classname="com.apksandbox.core.common.BoundedCopyTest" time="0.003"/>
  <testcase name="refusesOversizedProviderInputWithoutWritingPastLimit" classname="com.apksandbox.core.common.BoundedCopyTest" time="0.0"/>
  <testcase name="refusesNegativeLimit" classname="com.apksandbox.core.common.BoundedCopyTest" time="0.0"/>
  <testcase name="propagatesProviderReadFailure" classname="com.apksandbox.core.common.BoundedCopyTest" time="0.0"/>
  <testcase name="acceptsEmptyInputAtZeroLimit" classname="com.apksandbox.core.common.BoundedCopyTest" time="0.001"/>
  <system-out><![CDATA[]]></system-out>
  <system-err><![CDATA[]]></system-err>
</testsuite>
