<?xml version="1.0" encoding="UTF-8"?>
<testsuite name="com.apksandbox.core.staticanalysis.DexAnalysisTest" tests="7" skipped="0" failures="0" errors="0" timestamp="2026-09-12T03:06:54.242Z" hostname="NextGenis-MacBook-Pro-3.local" time="0.232">
  <properties/>
  <testcase name="dexApiScannerCategorizesSecurityApisAndDistinguishesInvocations" classname="com.apksandbox.core.staticanalysis.DexAnalysisTest" time="0.099"/>
  <testcase name="sdkSignatureCatalogDetectsLibrariesAndAssignsConfidence" classname="com.apksandbox.core.staticanalysis.DexAnalysisTest" time="0.015"/>
  <testcase name="dexUrlExtractorExtractsUrlsAndIdentifiesProvenance" classname="com.apksandbox.core.staticanalysis.DexAnalysisTest" time="0.083"/>
  <testcase name="dexUrlExtractorHandlesCorruptedFileGracefully" classname="com.apksandbox.core.staticanalysis.DexAnalysisTest" time="0.003"/>
  <testcase name="dexUrlExtractorDeduplicatesWhilePreservingReferences" classname="com.apksandbox.core.staticanalysis.DexAnalysisTest" time="0.031"/>
  <testcase name="sdkSignatureCatalogNegativeMatch" classname="com.apksandbox.core.staticanalysis.DexAnalysisTest" time="0.001"/>
  <testcase name="dexUrlExtractorHandlesNonExistentApkGracefully" classname="com.apksandbox.core.staticanalysis.DexAnalysisTest" time="0.0"/>
  <system-out><![CDATA[]]></system-out>
  <system-err><![CDATA[]]></system-err>
</testsuite>
