<?xml version="1.0" encoding="UTF-8"?>
<testsuite name="com.apksandbox.core.staticanalysis.DexDisassemblerTest" tests="4" skipped="0" failures="0" errors="0" timestamp="2026-09-12T03:06:54.475Z" hostname="NextGenis-MacBook-Pro-3.local" time="0.034">
  <properties/>
  <testcase name="binaryXmlParserDecompilesFullXmlAndConfig" classname="com.apksandbox.core.staticanalysis.DexDisassemblerTest" time="0.003"/>
  <testcase name="dexDisassemblerExtractsSmaliFromRealApk" classname="com.apksandbox.core.staticanalysis.DexDisassemblerTest" time="0.027"/>
  <testcase name="dexDisassemblerReturnsNotFoundForMissingClass" classname="com.apksandbox.core.staticanalysis.DexDisassemblerTest" time="0.003"/>
  <testcase name="binaryXmlParserExtractsManifestComponentsAndIntentFilters" classname="com.apksandbox.core.staticanalysis.DexDisassemblerTest" time="0.001"/>
  <system-out><![CDATA[]]></system-out>
  <system-err><![CDATA[]]></system-err>
</testsuite>
