<?xml version="1.0" encoding="UTF-8"?>
<testsuite name="com.apksandbox.sandbox.WorkEvidenceStoreMergeTest" tests="7" skipped="0" failures="0" errors="0" timestamp="2026-09-12T03:06:54.060Z" hostname="NextGenis-MacBook-Pro-3.local" time="0.001">
  <properties/>
  <testcase name="cleanupSummaryFromLatestPatchWins" classname="com.apksandbox.sandbox.WorkEvidenceStoreMergeTest" time="0.001"/>
  <testcase name="applyingTheSamePatchTwiceIsIdempotent" classname="com.apksandbox.sandbox.WorkEvidenceStoreMergeTest" time="0.0"/>
  <testcase name="dataClearFactsAccumulateAcrossSeparatePatches" classname="com.apksandbox.sandbox.WorkEvidenceStoreMergeTest" time="0.0"/>
  <testcase name="laterPatchNeverErasesAnEarlierFactItLeavesUnset" classname="com.apksandbox.sandbox.WorkEvidenceStoreMergeTest" time="0.0"/>
  <testcase name="emptyEnforcementsInPatchPreservesExisting" classname="com.apksandbox.sandbox.WorkEvidenceStoreMergeTest" time="0.0"/>
  <testcase name="enforcementsAreReplacedNotAccumulated_whenPatchCarriesANewList" classname="com.apksandbox.sandbox.WorkEvidenceStoreMergeTest" time="0.0"/>
  <testcase name="firstPatchBecomesTheCumulativeReport" classname="com.apksandbox.sandbox.WorkEvidenceStoreMergeTest" time="0.0"/>
  <system-out><![CDATA[]]></system-out>
  <system-err><![CDATA[]]></system-err>
</testsuite>
