<?xml version="1.0" encoding="UTF-8"?>
<testsuite name="com.apksandbox.sandbox.SandboxStatusReportTest" tests="5" skipped="0" failures="0" errors="0" timestamp="2026-09-12T03:06:54.057Z" hostname="NextGenis-MacBook-Pro-3.local" time="0.001">
  <properties/>
  <testcase name="reportWithDataClearFieldsRoundTrips" classname="com.apksandbox.sandbox.SandboxStatusReportTest" time="0.0"/>
  <testcase name="minimalReportRoundTrips" classname="com.apksandbox.sandbox.SandboxStatusReportTest" time="0.0"/>
  <testcase name="reportWithEnforcementsRoundTrips" classname="com.apksandbox.sandbox.SandboxStatusReportTest" time="0.0"/>
  <testcase name="reportWithCleanupSummaryRoundTrips" classname="com.apksandbox.sandbox.SandboxStatusReportTest" time="0.0"/>
  <testcase name="reportWithErrorRoundTrips" classname="com.apksandbox.sandbox.SandboxStatusReportTest" time="0.0"/>
  <system-out><![CDATA[]]></system-out>
  <system-err><![CDATA[]]></system-err>
</testsuite>
