<?xml version="1.0" encoding="UTF-8"?>
<testsuite name="com.apksandbox.core.network.https.HttpsTlsValidationTest" tests="2" skipped="0" failures="0" errors="0" timestamp="2026-09-12T02:58:53.085Z" hostname="NextGenis-MacBook-Pro-3.local" time="1.151">
  <properties/>
  <testcase name="testUpstreamHostnameMismatchRejection" classname="com.apksandbox.core.network.https.HttpsTlsValidationTest" time="0.148"/>
  <testcase name="testInvalidUpstreamCertificateRejection" classname="com.apksandbox.core.network.https.HttpsTlsValidationTest" time="1.003"/>
  <system-out><![CDATA[]]></system-out>
  <system-err><![CDATA[]]></system-err>
</testsuite>
