<?xml version="1.0" encoding="UTF-8"?>
<testsuite name="com.apksandbox.core.risk.RuleTextSemanticsTest" tests="3" skipped="0" failures="0" errors="0" timestamp="2026-09-11T16:56:33.923Z" hostname="NextGenis-MacBook-Pro-3.local" time="0.004">
  <properties/>
  <testcase name="allRulesFireAgainstTheEverythingInput" classname="com.apksandbox.core.risk.RuleTextSemanticsTest" time="0.001"/>
  <testcase name="capabilityBasedFindingsUseDeclaredOrRequestsLanguage" classname="com.apksandbox.core.risk.RuleTextSemanticsTest" time="0.002"/>
  <testcase name="noFindingTextMakesAnUnsupportedRuntimeClaim" classname="com.apksandbox.core.risk.RuleTextSemanticsTest" time="0.001"/>
  <system-out><![CDATA[]]></system-out>
  <system-err><![CDATA[]]></system-err>
</testsuite>
