<?xml version="1.0" encoding="UTF-8"?>
<testsuite name="com.apksandbox.core.model.RiskLevelTest" tests="4" skipped="0" failures="0" errors="0" timestamp="2026-09-11T16:56:33.722Z" hostname="NextGenis-MacBook-Pro-3.local" time="0.001">
  <properties/>
  <testcase name="highBand" classname="com.apksandbox.core.model.RiskLevelTest" time="0.0"/>
  <testcase name="moderateBand" classname="com.apksandbox.core.model.RiskLevelTest" time="0.001"/>
  <testcase name="lowBand" classname="com.apksandbox.core.model.RiskLevelTest" time="0.0"/>
  <testcase name="criticalBand" classname="com.apksandbox.core.model.RiskLevelTest" time="0.0"/>
  <system-out><![CDATA[]]></system-out>
  <system-err><![CDATA[]]></system-err>
</testsuite>
