<?xml version="1.0" encoding="UTF-8"?>
<testsuite name="com.apksandbox.core.risk.RuntimeRiskEngineTest" tests="11" skipped="0" failures="0" errors="0" timestamp="2026-09-11T16:56:33.928Z" hostname="NextGenis-MacBook-Pro-3.local" time="0.003">
  <properties/>
  <testcase name="dnsActivityIsInformationalAndZeroScore" classname="com.apksandbox.core.risk.RuntimeRiskEngineTest" time="0.0"/>
  <testcase name="manyDistinctDestinationsFiresAtThresholdFive" classname="com.apksandbox.core.risk.RuntimeRiskEngineTest" time="0.001"/>
  <testcase name="directRawIpConnectionFiresWhenNoDnsResolutionPreceded" classname="com.apksandbox.core.risk.RuntimeRiskEngineTest" time="0.0"/>
  <testcase name="networkActivityObservedFiresForDpmConnect" classname="com.apksandbox.core.risk.RuntimeRiskEngineTest" time="0.0"/>
  <testcase name="ordinarySingleHttpsTrafficScoresLowExpectedRisk" classname="com.apksandbox.core.risk.RuntimeRiskEngineTest" time="0.0"/>
  <testcase name="networkActivityObservedFiresForVpnConnection" classname="com.apksandbox.core.risk.RuntimeRiskEngineTest" time="0.0"/>
  <testcase name="emptyInputYieldsZeroScoreAndNoFindings" classname="com.apksandbox.core.risk.RuntimeRiskEngineTest" time="0.0"/>
  <testcase name="privateNetworkAccessFiresForVpnPolicyDenial" classname="com.apksandbox.core.risk.RuntimeRiskEngineTest" time="0.001"/>
  <testcase name="highOutboundDataFiresAboveOneMegabyteThreshold" classname="com.apksandbox.core.risk.RuntimeRiskEngineTest" time="0.001"/>
  <testcase name="evaluationIsDeterministic" classname="com.apksandbox.core.risk.RuntimeRiskEngineTest" time="0.0"/>
  <testcase name="rawIpConnectionDoesNotFireWhenResolvedByDns" classname="com.apksandbox.core.risk.RuntimeRiskEngineTest" time="0.0"/>
  <system-out><![CDATA[]]></system-out>
  <system-err><![CDATA[]]></system-err>
</testsuite>
