<?xml version="1.0" encoding="UTF-8"?>
<testsuite name="com.apksandbox.core.network.traffic.GrpcMessageDecoderTest" tests="6" skipped="0" failures="0" errors="0" timestamp="2026-09-12T02:58:54.238Z" hostname="NextGenis-MacBook-Pro-3.local" time="0.001">
  <properties/>
  <testcase name="testCanonicalStatusMapping" classname="com.apksandbox.core.network.traffic.GrpcMessageDecoderTest" time="0.0"/>
  <testcase name="testMessageSplitAcrossChunks" classname="com.apksandbox.core.network.traffic.GrpcMessageDecoderTest" time="0.0"/>
  <testcase name="testMultipleMessagesInOneDataChunk" classname="com.apksandbox.core.network.traffic.GrpcMessageDecoderTest" time="0.0"/>
  <testcase name="testMalformedLengthProtection" classname="com.apksandbox.core.network.traffic.GrpcMessageDecoderTest" time="0.0"/>
  <testcase name="testLengthPrefixedUncompressedMessage" classname="com.apksandbox.core.network.traffic.GrpcMessageDecoderTest" time="0.0"/>
  <testcase name="testCompressedGzipMessage" classname="com.apksandbox.core.network.traffic.GrpcMessageDecoderTest" time="0.0"/>
  <system-out><![CDATA[]]></system-out>
  <system-err><![CDATA[]]></system-err>
</testsuite>
