<?xml version="1.0" encoding="UTF-8"?>
<testsuite name="com.apksandbox.core.model.CleanupSummaryTest" tests="3" skipped="0" failures="0" errors="0" timestamp="2026-09-11T16:56:33.714Z" hostname="NextGenis-MacBook-Pro-3.local" time="0.001">
  <properties/>
  <testcase name="defaultSummaryIsIncomplete" classname="com.apksandbox.core.model.CleanupSummaryTest" time="0.0"/>
  <testcase name="completeWhenEveryStepPasses" classname="com.apksandbox.core.model.CleanupSummaryTest" time="0.0"/>
  <testcase name="incompleteWhenAnySingleStepIsMissing" classname="com.apksandbox.core.model.CleanupSummaryTest" time="0.0"/>
  <system-out><![CDATA[]]></system-out>
  <system-err><![CDATA[]]></system-err>
</testsuite>
