<?xml version="1.0" encoding="UTF-8"?>
<testsuite name="com.apksandbox.sandbox.AndroidEvidenceArtifactTest" tests="8" skipped="0" failures="0" errors="0" timestamp="2026-09-12T03:06:54.048Z" hostname="NextGenis-MacBook-Pro-3.local" time="0.006">
  <properties/>
  <testcase name="wrongPackageNameIsRejected" classname="com.apksandbox.sandbox.AndroidEvidenceArtifactTest" time="0.0"/>
  <testcase name="inconsistentTimestampsAreRejected" classname="com.apksandbox.sandbox.AndroidEvidenceArtifactTest" time="0.001"/>
  <testcase name="wrongSessionIdIsRejected" classname="com.apksandbox.sandbox.AndroidEvidenceArtifactTest" time="0.0"/>
  <testcase name="unsupportedSchemaVersionIsRejected" classname="com.apksandbox.sandbox.AndroidEvidenceArtifactTest" time="0.0"/>
  <testcase name="emptyExpectedPackageNameIsNotAHardMismatch" classname="com.apksandbox.sandbox.AndroidEvidenceArtifactTest" time="0.0"/>
  <testcase name="roundTripsThroughJsonExactly" classname="com.apksandbox.sandbox.AndroidEvidenceArtifactTest" time="0.003"/>
  <testcase name="exceedsMaxArtifactBytesThrows" classname="com.apksandbox.sandbox.AndroidEvidenceArtifactTest" time="0.002"/>
  <testcase name="validArtifactPassesValidation" classname="com.apksandbox.sandbox.AndroidEvidenceArtifactTest" time="0.0"/>
  <system-out><![CDATA[]]></system-out>
  <system-err><![CDATA[]]></system-err>
</testsuite>
