<?xml version="1.0" encoding="UTF-8"?>
<testsuite name="com.apksandbox.core.network.https.HttpsInspectionPolicyTest" tests="3" skipped="0" failures="0" errors="0" timestamp="2026-09-12T02:58:53.072Z" hostname="NextGenis-MacBook-Pro-3.local" time="0.001">
  <properties/>
  <testcase name="testInspectionTargetFiltering" classname="com.apksandbox.core.network.https.HttpsInspectionPolicyTest" time="0.0"/>
  <testcase name="testDestinationPolicyPreservation" classname="com.apksandbox.core.network.https.HttpsInspectionPolicyTest" time="0.001"/>
  <testcase name="testDisabledByDefault" classname="com.apksandbox.core.network.https.HttpsInspectionPolicyTest" time="0.0"/>
  <system-out><![CDATA[]]></system-out>
  <system-err><![CDATA[]]></system-err>
</testsuite>
