<?xml version="1.0" encoding="UTF-8"?>
<testsuite name="com.apksandbox.core.model.LaunchReadinessTest" tests="6" skipped="0" failures="0" errors="0" timestamp="2026-09-11T16:56:33.721Z" hostname="NextGenis-MacBook-Pro-3.local" time="0.001">
  <properties/>
  <testcase name="deniedWithoutEnvironmentValid" classname="com.apksandbox.core.model.LaunchReadinessTest" time="0.0"/>
  <testcase name="deniedWithoutInstallationConfirmed" classname="com.apksandbox.core.model.LaunchReadinessTest" time="0.0"/>
  <testcase name="allowedWhenEverythingTrue" classname="com.apksandbox.core.model.LaunchReadinessTest" time="0.0"/>
  <testcase name="deniedWhenEverythingFalse" classname="com.apksandbox.core.model.LaunchReadinessTest" time="0.0"/>
  <testcase name="deniedWithoutNetworkIsolationActive_failClosed" classname="com.apksandbox.core.model.LaunchReadinessTest" time="0.0"/>
  <testcase name="deniedWithoutRequiredPoliciesSatisfied" classname="com.apksandbox.core.model.LaunchReadinessTest" time="0.0"/>
  <system-out><![CDATA[]]></system-out>
  <system-err><![CDATA[]]></system-err>
</testsuite>
