<?xml version="1.0" encoding="UTF-8"?>
<testsuite name="com.apksandbox.core.network.traffic.QuicPacketParserTest" tests="4" skipped="0" failures="0" errors="0" timestamp="2026-09-12T08:06:48.320Z" hostname="NextGenis-MacBook-Pro-3.local" time="0.002">
  <properties/>
  <testcase name="testShortHeader1RttPacket" classname="com.apksandbox.core.network.traffic.QuicPacketParserTest" time="0.0"/>
  <testcase name="testLongHeaderHandshakeQuicV2" classname="com.apksandbox.core.network.traffic.QuicPacketParserTest" time="0.0"/>
  <testcase name="testNonQuicDatagramRejected" classname="com.apksandbox.core.network.traffic.QuicPacketParserTest" time="0.001"/>
  <testcase name="testLongHeaderInitialQuicV1" classname="com.apksandbox.core.network.traffic.QuicPacketParserTest" time="0.0"/>
  <system-out><![CDATA[]]></system-out>
  <system-err><![CDATA[]]></system-err>
</testsuite>
