<?xml version="1.0" encoding="UTF-8"?>
<testsuite name="com.apksandbox.core.network.PacketValidationFuzzTest" tests="2" skipped="0" failures="0" errors="0" timestamp="2026-09-12T08:06:43.013Z" hostname="NextGenis-MacBook-Pro-3.local" time="0.075">
  <properties/>
  <testcase name="neverThrowsOnPureRandomBytesOfAnyLength" classname="com.apksandbox.core.network.PacketValidationFuzzTest" time="0.064"/>
  <testcase name="neverThrowsWhenOnlyTheIpHeaderIsRandomButLengthsAreConsistent" classname="com.apksandbox.core.network.PacketValidationFuzzTest" time="0.011"/>
  <system-out><![CDATA[]]></system-out>
  <system-err><![CDATA[]]></system-err>
</testsuite>
